# JRE version: Java(TM) SE Runtime Environment (8.0_231-b11) (build 1.8.0_231-b11)
# Java VM: Java HotSpot(TM) 64-Bit Server VM (25.231-b11 mixed mode windows-amd64 compressed oops)
Heap:
 PSYoungGen      total 280576K, used 165527K [0x00000000d5f00000, 0x00000000eba80000, 0x0000000100000000)
  eden space 211456K, 64% used [0x00000000d5f00000,0x00000000de3d8710,0x00000000e2d80000)
  from space 69120K, 42% used [0x00000000e2d80000,0x00000000e4a4d8c8,0x00000000e7100000)
  to   space 67072K, 0% used [0x00000000e7900000,0x00000000e7900000,0x00000000eba80000)
 ParOldGen       total 372736K, used 179402K [0x0000000081c00000, 0x0000000098800000, 0x00000000d5f00000)
  object space 372736K, 48% used [0x0000000081c00000,0x000000008cb32b70,0x0000000098800000)
 Metaspace       used 37712K, capacity 46668K, committed 46720K, reserved 1091584K
  class space    used 4209K, capacity 5482K, committed 5504K, reserved 1048576K
GC Heap History (10 events):
Event: 24.936 GC heap before
{Heap before GC invocations=47 (full 3):
 PSYoungGen      total 242176K, used 242148K [0x00000000d5f00000, 0x00000000e8e00000, 0x0000000100000000)
  eden space 204800K, 100% used [0x00000000d5f00000,0x00000000e2700000,0x00000000e2700000)
  from space 37376K, 99% used [0x00000000e2700000,0x00000000e4b79180,0x00000000e4b80000)
  to   space 48640K, 0% used [0x00000000e5e80000,0x00000000e5e80000,0x00000000e8e00000)
 ParOldGen       total 220160K, used 119629K [0x0000000081c00000, 0x000000008f300000, 0x00000000d5f00000)
  object space 220160K, 54% used [0x0000000081c00000,0x00000000890d36d8,0x000000008f300000)
 Metaspace       used 29664K, capacity 35400K, committed 35584K, reserved 1081344K
  class space    used 3430K, capacity 4547K, committed 4608K, reserved 1048576K
Event: 24.964 GC heap after
Heap after GC invocations=47 (full 3):
 PSYoungGen      total 248320K, used 48630K [0x00000000d5f00000, 0x00000000eab00000, 0x0000000100000000)
  eden space 199680K, 0% used [0x00000000d5f00000,0x00000000d5f00000,0x00000000e2200000)
  from space 48640K, 99% used [0x00000000e5e80000,0x00000000e8dfd870,0x00000000e8e00000)
  to   space 61952K, 0% used [0x00000000e2200000,0x00000000e2200000,0x00000000e5e80000)
 ParOldGen       total 220160K, used 129288K [0x0000000081c00000, 0x000000008f300000, 0x00000000d5f00000)
  object space 220160K, 58% used [0x0000000081c00000,0x0000000089a42368,0x000000008f300000)
 Metaspace       used 29664K, capacity 35400K, committed 35584K, reserved 1081344K
  class space    used 3430K, capacity 4547K, committed 4608K, reserved 1048576K
}
Event: 25.632 GC heap before
{Heap before GC invocations=48 (full 3):
 PSYoungGen      total 248320K, used 195405K [0x00000000d5f00000, 0x00000000eab00000, 0x0000000100000000)
  eden space 199680K, 73% used [0x00000000d5f00000,0x00000000dee55bc8,0x00000000e2200000)
  from space 48640K, 99% used [0x00000000e5e80000,0x00000000e8dfd870,0x00000000e8e00000)
  to   space 61952K, 0% used [0x00000000e2200000,0x00000000e2200000,0x00000000e5e80000)
 ParOldGen       total 220160K, used 129288K [0x0000000081c00000, 0x000000008f300000, 0x00000000d5f00000)
  object space 220160K, 58% used [0x0000000081c00000,0x0000000089a42368,0x000000008f300000)
 Metaspace       used 30260K, capacity 36492K, committed 36628K, reserved 1081344K
  class space    used 3505K, capacity 4638K, committed 4736K, reserved 1048576K
Event: 25.658 GC heap after
Heap after GC invocations=48 (full 3):
 PSYoungGen      total 261632K, used 61942K [0x00000000d5f00000, 0x00000000ec100000, 0x0000000100000000)
  eden space 199680K, 0% used [0x00000000d5f00000,0x00000000d5f00000,0x00000000e2200000)
  from space 61952K, 99% used [0x00000000e2200000,0x00000000e5e7dab0,0x00000000e5e80000)
  to   space 74240K, 0% used [0x00000000e7880000,0x00000000e7880000,0x00000000ec100000)
 ParOldGen       total 220160K, used 129670K [0x0000000081c00000, 0x000000008f300000, 0x00000000d5f00000)
  object space 220160K, 58% used [0x0000000081c00000,0x0000000089aa1b30,0x000000008f300000)
 Metaspace       used 30260K, capacity 36492K, committed 36628K, reserved 1081344K
  class space    used 3505K, capacity 4638K, committed 4736K, reserved 1048576K
}
Event: 25.658 GC heap before
{Heap before GC invocations=49 (full 4):
 PSYoungGen      total 261632K, used 61942K [0x00000000d5f00000, 0x00000000ec100000, 0x0000000100000000)
  eden space 199680K, 0% used [0x00000000d5f00000,0x00000000d5f00000,0x00000000e2200000)
  from space 61952K, 99% used [0x00000000e2200000,0x00000000e5e7dab0,0x00000000e5e80000)
  to   space 74240K, 0% used [0x00000000e7880000,0x00000000e7880000,0x00000000ec100000)
 ParOldGen       total 220160K, used 129670K [0x0000000081c00000, 0x000000008f300000, 0x00000000d5f00000)
  object space 220160K, 58% used [0x0000000081c00000,0x0000000089aa1b30,0x000000008f300000)
 Metaspace       used 30260K, capacity 36492K, committed 36628K, reserved 1081344K
  class space    used 3505K, capacity 4638K, committed 4736K, reserved 1048576K
Event: 25.924 GC heap after
Heap after GC invocations=49 (full 4):
 PSYoungGen      total 261632K, used 0K [0x00000000d5f00000, 0x00000000ec100000, 0x0000000100000000)
  eden space 199680K, 0% used [0x00000000d5f00000,0x00000000d5f00000,0x00000000e2200000)
  from space 61952K, 0% used [0x00000000e2200000,0x00000000e2200000,0x00000000e5e80000)
  to   space 74240K, 0% used [0x00000000e7880000,0x00000000e7880000,0x00000000ec100000)
 ParOldGen       total 372736K, used 179386K [0x0000000081c00000, 0x0000000098800000, 0x00000000d5f00000)
  object space 372736K, 48% used [0x0000000081c00000,0x000000008cb2eb70,0x0000000098800000)
 Metaspace       used 30260K, capacity 36492K, committed 36628K, reserved 1081344K
  class space    used 3505K, capacity 4638K, committed 4736K, reserved 1048576K
}
Event: 65.665 GC heap before
{Heap before GC invocations=50 (full 4):
 PSYoungGen      total 261632K, used 199680K [0x00000000d5f00000, 0x00000000ec100000, 0x0000000100000000)
  eden space 199680K, 100% used [0x00000000d5f00000,0x00000000e2200000,0x00000000e2200000)
  from space 61952K, 0% used [0x00000000e2200000,0x00000000e2200000,0x00000000e5e80000)
  to   space 74240K, 0% used [0x00000000e7880000,0x00000000e7880000,0x00000000ec100000)
 ParOldGen       total 372736K, used 179386K [0x0000000081c00000, 0x0000000098800000, 0x00000000d5f00000)
  object space 372736K, 48% used [0x0000000081c00000,0x000000008cb2eb70,0x0000000098800000)
 Metaspace       used 33164K, capacity 39888K, committed 40064K, reserved 1085440K
  class space    used 3815K, capacity 4989K, committed 4992K, reserved 1048576K
Event: 65.676 GC heap after
Heap after GC invocations=50 (full 4):
 PSYoungGen      total 272896K, used 22452K [0x00000000d5f00000, 0x00000000eb480000, 0x0000000100000000)
  eden space 211456K, 0% used [0x00000000d5f00000,0x00000000d5f00000,0x00000000e2d80000)
  from space 61440K, 36% used [0x00000000e7880000,0x00000000e8e6d110,0x00000000eb480000)
  to   space 69120K, 0% used [0x00000000e2d80000,0x00000000e2d80000,0x00000000e7100000)
 ParOldGen       total 372736K, used 179394K [0x0000000081c00000, 0x0000000098800000, 0x00000000d5f00000)
  object space 372736K, 48% used [0x0000000081c00000,0x000000008cb30b70,0x0000000098800000)
 Metaspace       used 33164K, capacity 39888K, committed 40064K, reserved 1085440K
  class space    used 3815K, capacity 4989K, committed 4992K, reserved 1048576K
}
Event: 392.189 GC heap before
{Heap before GC invocations=51 (full 4):
 PSYoungGen      total 272896K, used 233908K [0x00000000d5f00000, 0x00000000eb480000, 0x0000000100000000)
  eden space 211456K, 100% used [0x00000000d5f00000,0x00000000e2d80000,0x00000000e2d80000)
  from space 61440K, 36% used [0x00000000e7880000,0x00000000e8e6d110,0x00000000eb480000)
  to   space 69120K, 0% used [0x00000000e2d80000,0x00000000e2d80000,0x00000000e7100000)
 ParOldGen       total 372736K, used 179394K [0x0000000081c00000, 0x0000000098800000, 0x00000000d5f00000)
  object space 372736K, 48% used [0x0000000081c00000,0x000000008cb30b70,0x0000000098800000)
 Metaspace       used 35707K, capacity 44598K, committed 44800K, reserved 1089536K
  class space    used 4121K, capacity 5375K, committed 5376K, reserved 1048576K
Event: 392.203 GC heap after
Heap after GC invocations=51 (full 4):
 PSYoungGen      total 280576K, used 29494K [0x00000000d5f00000, 0x00000000eba80000, 0x0000000100000000)
  eden space 211456K, 0% used [0x00000000d5f00000,0x00000000d5f00000,0x00000000e2d80000)
  from space 69120K, 42% used [0x00000000e2d80000,0x00000000e4a4d8c8,0x00000000e7100000)
  to   space 67072K, 0% used [0x00000000e7900000,0x00000000e7900000,0x00000000eba80000)
 ParOldGen       total 372736K, used 179402K [0x0000000081c00000, 0x0000000098800000, 0x00000000d5f00000)
  object space 372736K, 48% used [0x0000000081c00000,0x000000008cb32b70,0x0000000098800000)
 Metaspace       used 35707K, capacity 44598K, committed 44800K, reserved 1089536K
  class space    used 4121K, capacity 5375K, committed 5376K, reserved 1048576K
}

